[INFO] Scanning for projects...
[INFO]                                                                         
[INFO] ------------------------------------------------------------------------
[INFO] Building hello 0.0.1-SNAPSHOT
[INFO] ------------------------------------------------------------------------
[INFO] 
[INFO] --- maven-resources-plugin:2.6:resources (default-resources) @ hello ---
[INFO] Using 'UTF-8' encoding to copy filtered resources.
[INFO] Copying 2 resources
[INFO] Copying 4 resources
[INFO] 
[INFO] --- maven-compiler-plugin:3.1:compile (default-compile) @ hello ---
[INFO] Nothing to compile - all classes are up to date
[INFO] 
[INFO] --- maven-resources-plugin:2.6:testResources (default-testResources) @ hello ---
[INFO] Using 'UTF-8' encoding to copy filtered resources.
[INFO] Copying 1 resource
[INFO] 
[INFO] --- maven-compiler-plugin:3.1:testCompile (default-testCompile) @ hello ---
[INFO] Nothing to compile - all classes are up to date
[INFO] 
[INFO] --- maven-surefire-plugin:2.18.1:test (default-test) @ hello ---
[INFO] Surefire report directory: C:\Users\id809201\dev\hello\target\surefire-reports

-------------------------------------------------------
 T E S T S
-------------------------------------------------------
09:27:15.643 [main] DEBUG org.springframework.test.context.junit4.SpringJUnit4ClassRunner - SpringJUnit4ClassRunner constructor called with [class be.jslm.HttpRestTemplateTest]
09:27:15.643 [main] DEBUG org.springframework.test.context.BootstrapUtils - Instantiating CacheAwareContextLoaderDelegate from class [org.springframework.test.context.cache.DefaultCacheAwareContextLoaderDelegate]
09:27:15.659 [main] DEBUG org.springframework.test.context.BootstrapUtils - Instantiating BootstrapContext using constructor [public org.springframework.test.context.support.DefaultBootstrapContext(java.lang.Class,org.springframework.test.context.CacheAwareContextLoaderDelegate)]
09:27:15.675 [main] DEBUG org.springframework.test.context.BootstrapUtils - Instantiating TestContextBootstrapper for test class [be.jslm.HttpRestTemplateTest] from class [org.springframework.boot.test.context.SpringBootTestContextBootstrapper]
09:27:15.706 [main] INFO org.springframework.boot.test.context.SpringBootTestContextBootstrapper - Neither @ContextConfiguration nor @ContextHierarchy found for test class [be.jslm.HttpRestTemplateTest], using SpringBootContextLoader
09:27:15.706 [main] DEBUG org.springframework.test.context.support.AbstractContextLoader - Did not detect default resource location for test class [be.jslm.HttpRestTemplateTest]: class path resource [be/jslm/HttpRestTemplateTest-context.xml] does not exist
09:27:15.706 [main] DEBUG org.springframework.test.context.support.AbstractContextLoader - Did not detect default resource location for test class [be.jslm.HttpRestTemplateTest]: class path resource [be/jslm/HttpRestTemplateTestContext.groovy] does not exist
09:27:15.706 [main] INFO org.springframework.test.context.support.AbstractContextLoader - Could not detect default resource locations for test class [be.jslm.HttpRestTemplateTest]: no resource found for suffixes {-context.xml, Context.groovy}.
09:27:15.706 [main] INFO org.springframework.test.context.support.AnnotationConfigContextLoaderUtils - Could not detect default configuration classes for test class [be.jslm.HttpRestTemplateTest]: HttpRestTemplateTest does not declare any static, non-private, non-final, nested classes annotated with @Configuration.
09:27:15.753 [main] DEBUG org.springframework.test.context.support.ActiveProfilesUtils - Could not find an 'annotation declaring class' for annotation type [org.springframework.test.context.ActiveProfiles] and class [be.jslm.HttpRestTemplateTest]
09:27:15.768 [main] DEBUG org.springframework.core.env.StandardEnvironment - Adding [systemProperties] PropertySource with lowest search precedence
09:27:15.768 [main] DEBUG org.springframework.core.env.StandardEnvironment - Adding [systemEnvironment] PropertySource with lowest search precedence
09:27:15.768 [main] DEBUG org.springframework.core.env.StandardEnvironment - Initialized StandardEnvironment with PropertySources [systemProperties,systemEnvironment]
09:27:15.784 [main] DEBUG org.springframework.core.io.support.PathMatchingResourcePatternResolver - Resolved classpath location [be/jslm/] to resources [URL [file:/C:/Users/id809201/dev/hello/target/test-classes/be/jslm/], URL [file:/C:/Users/id809201/dev/hello/target/classes/be/jslm/]]
09:27:15.784 [main] DEBUG org.springframework.core.io.support.PathMatchingResourcePatternResolver - Looking for matching resources in directory tree [C:\Users\id809201\dev\hello\target\test-classes\be\jslm]
09:27:15.784 [main] DEBUG org.springframework.core.io.support.PathMatchingResourcePatternResolver - Searching directory [C:\Users\id809201\dev\hello\target\test-classes\be\jslm] for files matching pattern [C:/Users/id809201/dev/hello/target/test-classes/be/jslm/*.class]
09:27:15.784 [main] DEBUG org.springframework.core.io.support.PathMatchingResourcePatternResolver - Looking for matching resources in directory tree [C:\Users\id809201\dev\hello\target\classes\be\jslm]
09:27:15.784 [main] DEBUG org.springframework.core.io.support.PathMatchingResourcePatternResolver - Searching directory [C:\Users\id809201\dev\hello\target\classes\be\jslm] for files matching pattern [C:/Users/id809201/dev/hello/target/classes/be/jslm/*.class]
09:27:15.784 [main] DEBUG org.springframework.core.io.support.PathMatchingResourcePatternResolver - Resolved location pattern [classpath*:be/jslm/*.class] to resources [file [C:\Users\id809201\dev\hello\target\test-classes\be\jslm\HttpRestTemplateTest.class], file [C:\Users\id809201\dev\hello\target\test-classes\be\jslm\HttpRestTest.class], file [C:\Users\id809201\dev\hello\target\test-classes\be\jslm\JsonTestLastStockQuote.class], file [C:\Users\id809201\dev\hello\target\test-classes\be\jslm\MockHistoricalQuoteService.class], file [C:\Users\id809201\dev\hello\target\test-classes\be\jslm\WebMockTest$1.class], file [C:\Users\id809201\dev\hello\target\test-classes\be\jslm\WebMockTest.class], file [C:\Users\id809201\dev\hello\target\classes\be\jslm\HelloApplication.class]]
09:27:15.862 [main] DEBUG org.springframework.context.annotation.ClassPathScanningCandidateComponentProvider - Identified candidate component class: file [C:\Users\id809201\dev\hello\target\classes\be\jslm\HelloApplication.class]
09:27:15.862 [main] INFO org.springframework.boot.test.context.SpringBootTestContextBootstrapper - Found @SpringBootConfiguration be.jslm.HelloApplication for test class be.jslm.HttpRestTemplateTest
09:27:15.877 [main] DEBUG org.springframework.boot.test.context.SpringBootTestContextBootstrapper - @TestExecutionListeners is not present for class [be.jslm.HttpRestTemplateTest]: using defaults.
09:27:15.877 [main] INFO org.springframework.boot.test.context.SpringBootTestContextBootstrapper - Loaded default TestExecutionListener class names from location [META-INF/spring.factories]: [org.springframework.boot.test.mock.mockito.MockitoTestExecutionListener, org.springframework.boot.test.mock.mockito.ResetMocksTestExecutionListener, org.springframework.boot.test.autoconfigure.restdocs.RestDocsTestExecutionListener, org.springframework.boot.test.autoconfigure.web.client.MockRestServiceServerResetTestExecutionListener, org.springframework.boot.test.autoconfigure.web.servlet.MockMvcPrintOnlyOnFailureTestExecutionListener, org.springframework.boot.test.autoconfigure.web.servlet.WebDriverTestExecutionListener, org.springframework.test.context.web.ServletTestExecutionListener, org.springframework.test.context.support.DirtiesContextBeforeModesTestExecutionListener, org.springframework.test.context.support.DependencyInjectionTestExecutionListener, org.springframework.test.context.support.DirtiesContextTestExecutionListener, org.springframework.test.context.transaction.TransactionalTestExecutionListener, org.springframework.test.context.jdbc.SqlScriptsTestExecutionListener]
09:27:15.877 [main] INFO org.springframework.boot.test.context.SpringBootTestContextBootstrapper - Could not instantiate TestExecutionListener [org.springframework.test.context.jdbc.SqlScriptsTestExecutionListener]. Specify custom listener classes or make the default listener classes (and their required dependencies) available. Offending class: [org/springframework/transaction/interceptor/TransactionAttribute]
09:27:15.893 [main] INFO org.springframework.boot.test.context.SpringBootTestContextBootstrapper - Could not instantiate TestExecutionListener [org.springframework.test.context.transaction.TransactionalTestExecutionListener]. Specify custom listener classes or make the default listener classes (and their required dependencies) available. Offending class: [org/springframework/transaction/interceptor/TransactionAttributeSource]
09:27:15.893 [main] INFO org.springframework.boot.test.context.SpringBootTestContextBootstrapper - Using TestExecutionListeners: [org.springframework.test.context.web.ServletTestExecutionListener@33b37288, org.springframework.test.context.support.DirtiesContextBeforeModesTestExecutionListener@77a57272, org.springframework.boot.test.autoconfigure.SpringBootDependencyInjectionTestExecutionListener@7181ae3f, org.springframework.test.context.support.DirtiesContextTestExecutionListener@46238e3f, org.springframework.boot.test.autoconfigure.web.servlet.WebDriverTestExecutionListener@6e2c9341, org.springframework.boot.test.mock.mockito.ResetMocksTestExecutionListener@32464a14, org.springframework.boot.test.autoconfigure.restdocs.RestDocsTestExecutionListener@4e4aea35, org.springframework.boot.test.mock.mockito.MockitoTestExecutionListener@1442d7b5, org.springframework.boot.test.autoconfigure.web.servlet.MockMvcPrintOnlyOnFailureTestExecutionListener@1efee8e7, org.springframework.boot.test.autoconfigure.web.client.MockRestServiceServerResetTestExecutionListener@1ee807c6]
09:27:15.893 [main] DEBUG org.springframework.test.context.junit4.SpringJUnit4ClassRunner - SpringJUnit4ClassRunner constructor called with [class be.jslm.HttpRestTest]
09:27:15.893 [main] DEBUG org.springframework.test.context.BootstrapUtils - Instantiating CacheAwareContextLoaderDelegate from class [org.springframework.test.context.cache.DefaultCacheAwareContextLoaderDelegate]
09:27:15.893 [main] DEBUG org.springframework.test.context.BootstrapUtils - Instantiating BootstrapContext using constructor [public org.springframework.test.context.support.DefaultBootstrapContext(java.lang.Class,org.springframework.test.context.CacheAwareContextLoaderDelegate)]
09:27:15.893 [main] DEBUG org.springframework.test.context.BootstrapUtils - Instantiating TestContextBootstrapper for test class [be.jslm.HttpRestTest] from class [org.springframework.boot.test.context.SpringBootTestContextBootstrapper]
09:27:15.893 [main] INFO org.springframework.boot.test.context.SpringBootTestContextBootstrapper - Neither @ContextConfiguration nor @ContextHierarchy found for test class [be.jslm.HttpRestTest], using SpringBootContextLoader
09:27:15.893 [main] DEBUG org.springframework.test.context.support.AbstractContextLoader - Did not detect default resource location for test class [be.jslm.HttpRestTest]: class path resource [be/jslm/HttpRestTest-context.xml] does not exist
09:27:15.893 [main] DEBUG org.springframework.test.context.support.AbstractContextLoader - Did not detect default resource location for test class [be.jslm.HttpRestTest]: class path resource [be/jslm/HttpRestTestContext.groovy] does not exist
09:27:15.893 [main] INFO org.springframework.test.context.support.AbstractContextLoader - Could not detect default resource locations for test class [be.jslm.HttpRestTest]: no resource found for suffixes {-context.xml, Context.groovy}.
09:27:15.893 [main] INFO org.springframework.test.context.support.AnnotationConfigContextLoaderUtils - Could not detect default configuration classes for test class [be.jslm.HttpRestTest]: HttpRestTest does not declare any static, non-private, non-final, nested classes annotated with @Configuration.
09:27:15.909 [main] DEBUG org.springframework.test.context.support.ActiveProfilesUtils - Could not find an 'annotation declaring class' for annotation type [org.springframework.test.context.ActiveProfiles] and class [be.jslm.HttpRestTest]
09:27:15.909 [main] DEBUG org.springframework.core.env.StandardEnvironment - Adding [systemProperties] PropertySource with lowest search precedence
09:27:15.909 [main] DEBUG org.springframework.core.env.StandardEnvironment - Adding [systemEnvironment] PropertySource with lowest search precedence
09:27:15.909 [main] DEBUG org.springframework.core.env.StandardEnvironment - Initialized StandardEnvironment with PropertySources [systemProperties,systemEnvironment]
09:27:15.909 [main] INFO org.springframework.boot.test.context.SpringBootTestContextBootstrapper - Found @SpringBootConfiguration be.jslm.HelloApplication for test class be.jslm.HttpRestTest
09:27:15.909 [main] DEBUG org.springframework.boot.test.context.SpringBootTestContextBootstrapper - @TestExecutionListeners is not present for class [be.jslm.HttpRestTest]: using defaults.
09:27:15.909 [main] INFO org.springframework.boot.test.context.SpringBootTestContextBootstrapper - Loaded default TestExecutionListener class names from location [META-INF/spring.factories]: [org.springframework.boot.test.mock.mockito.MockitoTestExecutionListener, org.springframework.boot.test.mock.mockito.ResetMocksTestExecutionListener, org.springframework.boot.test.autoconfigure.restdocs.RestDocsTestExecutionListener, org.springframework.boot.test.autoconfigure.web.client.MockRestServiceServerResetTestExecutionListener, org.springframework.boot.test.autoconfigure.web.servlet.MockMvcPrintOnlyOnFailureTestExecutionListener, org.springframework.boot.test.autoconfigure.web.servlet.WebDriverTestExecutionListener, org.springframework.test.context.web.ServletTestExecutionListener, org.springframework.test.context.support.DirtiesContextBeforeModesTestExecutionListener, org.springframework.test.context.support.DependencyInjectionTestExecutionListener, org.springframework.test.context.support.DirtiesContextTestExecutionListener, org.springframework.test.context.transaction.TransactionalTestExecutionListener, org.springframework.test.context.jdbc.SqlScriptsTestExecutionListener]
09:27:15.924 [main] INFO org.springframework.boot.test.context.SpringBootTestContextBootstrapper - Could not instantiate TestExecutionListener [org.springframework.test.context.jdbc.SqlScriptsTestExecutionListener]. Specify custom listener classes or make the default listener classes (and their required dependencies) available. Offending class: [org/springframework/transaction/interceptor/TransactionAttribute]
09:27:15.924 [main] INFO org.springframework.boot.test.context.SpringBootTestContextBootstrapper - Could not instantiate TestExecutionListener [org.springframework.test.context.transaction.TransactionalTestExecutionListener]. Specify custom listener classes or make the default listener classes (and their required dependencies) available. Offending class: [org/springframework/transaction/interceptor/TransactionAttributeSource]
09:27:15.924 [main] INFO org.springframework.boot.test.context.SpringBootTestContextBootstrapper - Using TestExecutionListeners: [org.springframework.test.context.web.ServletTestExecutionListener@38364841, org.springframework.test.context.support.DirtiesContextBeforeModesTestExecutionListener@28c4711c, org.springframework.boot.test.autoconfigure.SpringBootDependencyInjectionTestExecutionListener@59717824, org.springframework.test.context.support.DirtiesContextTestExecutionListener@146044d7, org.springframework.boot.test.autoconfigure.web.servlet.WebDriverTestExecutionListener@1e9e725a, org.springframework.boot.test.mock.mockito.ResetMocksTestExecutionListener@15d9bc04, org.springframework.boot.test.autoconfigure.restdocs.RestDocsTestExecutionListener@473b46c3, org.springframework.boot.test.mock.mockito.MockitoTestExecutionListener@516be40f, org.springframework.boot.test.autoconfigure.web.servlet.MockMvcPrintOnlyOnFailureTestExecutionListener@3c0a50da, org.springframework.boot.test.autoconfigure.web.client.MockRestServiceServerResetTestExecutionListener@646be2c3]
09:27:15.955 [main] DEBUG org.springframework.test.context.junit4.SpringJUnit4ClassRunner - SpringJUnit4ClassRunner constructor called with [class be.jslm.WebMockTest]
09:27:15.955 [main] DEBUG org.springframework.test.context.BootstrapUtils - Instantiating CacheAwareContextLoaderDelegate from class [org.springframework.test.context.cache.DefaultCacheAwareContextLoaderDelegate]
09:27:15.955 [main] DEBUG org.springframework.test.context.BootstrapUtils - Instantiating BootstrapContext using constructor [public org.springframework.test.context.support.DefaultBootstrapContext(java.lang.Class,org.springframework.test.context.CacheAwareContextLoaderDelegate)]
09:27:15.955 [main] DEBUG org.springframework.test.context.BootstrapUtils - Instantiating TestContextBootstrapper for test class [be.jslm.WebMockTest] from class [org.springframework.boot.test.autoconfigure.web.servlet.WebMvcTestContextBootstrapper]
09:27:15.955 [main] INFO org.springframework.boot.test.autoconfigure.web.servlet.WebMvcTestContextBootstrapper - Neither @ContextConfiguration nor @ContextHierarchy found for test class [be.jslm.WebMockTest], using SpringBootContextLoader
09:27:15.955 [main] DEBUG org.springframework.test.context.support.AbstractContextLoader - Did not detect default resource location for test class [be.jslm.WebMockTest]: class path resource [be/jslm/WebMockTest-context.xml] does not exist
09:27:15.955 [main] DEBUG org.springframework.test.context.support.AbstractContextLoader - Did not detect default resource location for test class [be.jslm.WebMockTest]: class path resource [be/jslm/WebMockTestContext.groovy] does not exist
09:27:15.955 [main] INFO org.springframework.test.context.support.AbstractContextLoader - Could not detect default resource locations for test class [be.jslm.WebMockTest]: no resource found for suffixes {-context.xml, Context.groovy}.
09:27:15.955 [main] INFO org.springframework.test.context.support.AnnotationConfigContextLoaderUtils - Could not detect default configuration classes for test class [be.jslm.WebMockTest]: WebMockTest does not declare any static, non-private, non-final, nested classes annotated with @Configuration.
09:27:15.987 [main] DEBUG org.springframework.test.context.support.ActiveProfilesUtils - Could not find an 'annotation declaring class' for annotation type [org.springframework.test.context.ActiveProfiles] and class [be.jslm.WebMockTest]
09:27:15.987 [main] DEBUG org.springframework.core.env.StandardEnvironment - Adding [systemProperties] PropertySource with lowest search precedence
09:27:15.987 [main] DEBUG org.springframework.core.env.StandardEnvironment - Adding [systemEnvironment] PropertySource with lowest search precedence
09:27:15.987 [main] DEBUG org.springframework.core.env.StandardEnvironment - Initialized StandardEnvironment with PropertySources [systemProperties,systemEnvironment]
09:27:15.987 [main] INFO org.springframework.boot.test.context.SpringBootTestContextBootstrapper - Found @SpringBootConfiguration be.jslm.HelloApplication for test class be.jslm.WebMockTest
09:27:15.987 [main] DEBUG org.springframework.boot.test.autoconfigure.web.servlet.WebMvcTestContextBootstrapper - @TestExecutionListeners is not present for class [be.jslm.WebMockTest]: using defaults.
09:27:15.987 [main] INFO org.springframework.boot.test.autoconfigure.web.servlet.WebMvcTestContextBootstrapper - Loaded default TestExecutionListener class names from location [META-INF/spring.factories]: [org.springframework.boot.test.mock.mockito.MockitoTestExecutionListener, org.springframework.boot.test.mock.mockito.ResetMocksTestExecutionListener, org.springframework.boot.test.autoconfigure.restdocs.RestDocsTestExecutionListener, org.springframework.boot.test.autoconfigure.web.client.MockRestServiceServerResetTestExecutionListener, org.springframework.boot.test.autoconfigure.web.servlet.MockMvcPrintOnlyOnFailureTestExecutionListener, org.springframework.boot.test.autoconfigure.web.servlet.WebDriverTestExecutionListener, org.springframework.test.context.web.ServletTestExecutionListener, org.springframework.test.context.support.DirtiesContextBeforeModesTestExecutionListener, org.springframework.test.context.support.DependencyInjectionTestExecutionListener, org.springframework.test.context.support.DirtiesContextTestExecutionListener, org.springframework.test.context.transaction.TransactionalTestExecutionListener, org.springframework.test.context.jdbc.SqlScriptsTestExecutionListener]
09:27:16.002 [main] INFO org.springframework.boot.test.autoconfigure.web.servlet.WebMvcTestContextBootstrapper - Could not instantiate TestExecutionListener [org.springframework.test.context.jdbc.SqlScriptsTestExecutionListener]. Specify custom listener classes or make the default listener classes (and their required dependencies) available. Offending class: [org/springframework/transaction/interceptor/TransactionAttribute]
09:27:16.002 [main] INFO org.springframework.boot.test.autoconfigure.web.servlet.WebMvcTestContextBootstrapper - Could not instantiate TestExecutionListener [org.springframework.test.context.transaction.TransactionalTestExecutionListener]. Specify custom listener classes or make the default listener classes (and their required dependencies) available. Offending class: [org/springframework/transaction/interceptor/TransactionAttributeSource]
09:27:16.002 [main] INFO org.springframework.boot.test.autoconfigure.web.servlet.WebMvcTestContextBootstrapper - Using TestExecutionListeners: [org.springframework.test.context.web.ServletTestExecutionListener@60704c, org.springframework.test.context.support.DirtiesContextBeforeModesTestExecutionListener@6b19b79, org.springframework.boot.test.autoconfigure.SpringBootDependencyInjectionTestExecutionListener@2a32de6c, org.springframework.test.context.support.DirtiesContextTestExecutionListener@7692d9cc, org.springframework.boot.test.autoconfigure.web.servlet.WebDriverTestExecutionListener@75f32542, org.springframework.boot.test.mock.mockito.ResetMocksTestExecutionListener@7f1302d6, org.springframework.boot.test.autoconfigure.restdocs.RestDocsTestExecutionListener@43ee72e6, org.springframework.boot.test.mock.mockito.MockitoTestExecutionListener@23529fee, org.springframework.boot.test.autoconfigure.web.servlet.MockMvcPrintOnlyOnFailureTestExecutionListener@4fe767f3, org.springframework.boot.test.autoconfigure.web.client.MockRestServiceServerResetTestExecutionListener@2805c96b]
09:27:16.002 [main] DEBUG org.springframework.test.annotation.ProfileValueUtils - Retrieved @ProfileValueSourceConfiguration [null] for test class [be.jslm.HttpRestTemplateTest]
09:27:16.002 [main] DEBUG org.springframework.test.annotation.ProfileValueUtils - Retrieved ProfileValueSource type [class org.springframework.test.annotation.SystemProfileValueSource] for class [be.jslm.HttpRestTemplateTest]
09:27:16.002 [main] DEBUG org.springframework.test.annotation.ProfileValueUtils - Retrieved @ProfileValueSourceConfiguration [null] for test class [be.jslm.HttpRestTest]
09:27:16.002 [main] DEBUG org.springframework.test.annotation.ProfileValueUtils - Retrieved ProfileValueSource type [class org.springframework.test.annotation.SystemProfileValueSource] for class [be.jslm.HttpRestTest]
09:27:16.018 [main] DEBUG org.springframework.test.annotation.ProfileValueUtils - Retrieved @ProfileValueSourceConfiguration [null] for test class [be.jslm.WebMockTest]
09:27:16.018 [main] DEBUG org.springframework.test.annotation.ProfileValueUtils - Retrieved ProfileValueSource type [class org.springframework.test.annotation.SystemProfileValueSource] for class [be.jslm.WebMockTest]
Running be.jslm.HttpRestTemplateTest
09:27:16.018 [main] DEBUG org.springframework.test.context.junit4.SpringJUnit4ClassRunner - SpringJUnit4ClassRunner constructor called with [class be.jslm.HttpRestTemplateTest]
09:27:16.018 [main] DEBUG org.springframework.test.context.BootstrapUtils - Instantiating CacheAwareContextLoaderDelegate from class [org.springframework.test.context.cache.DefaultCacheAwareContextLoaderDelegate]
09:27:16.018 [main] DEBUG org.springframework.test.context.BootstrapUtils - Instantiating BootstrapContext using constructor [public org.springframework.test.context.support.DefaultBootstrapContext(java.lang.Class,org.springframework.test.context.CacheAwareContextLoaderDelegate)]
09:27:16.018 [main] DEBUG org.springframework.test.context.BootstrapUtils - Instantiating TestContextBootstrapper for test class [be.jslm.HttpRestTemplateTest] from class [org.springframework.boot.test.context.SpringBootTestContextBootstrapper]
09:27:16.018 [main] INFO org.springframework.boot.test.context.SpringBootTestContextBootstrapper - Neither @ContextConfiguration nor @ContextHierarchy found for test class [be.jslm.HttpRestTemplateTest], using SpringBootContextLoader
09:27:16.018 [main] DEBUG org.springframework.test.context.support.AbstractContextLoader - Did not detect default resource location for test class [be.jslm.HttpRestTemplateTest]: class path resource [be/jslm/HttpRestTemplateTest-context.xml] does not exist
09:27:16.018 [main] DEBUG org.springframework.test.context.support.AbstractContextLoader - Did not detect default resource location for test class [be.jslm.HttpRestTemplateTest]: class path resource [be/jslm/HttpRestTemplateTestContext.groovy] does not exist
09:27:16.018 [main] INFO org.springframework.test.context.support.AbstractContextLoader - Could not detect default resource locations for test class [be.jslm.HttpRestTemplateTest]: no resource found for suffixes {-context.xml, Context.groovy}.
09:27:16.018 [main] INFO org.springframework.test.context.support.AnnotationConfigContextLoaderUtils - Could not detect default configuration classes for test class [be.jslm.HttpRestTemplateTest]: HttpRestTemplateTest does not declare any static, non-private, non-final, nested classes annotated with @Configuration.
09:27:16.033 [main] DEBUG org.springframework.test.context.support.ActiveProfilesUtils - Could not find an 'annotation declaring class' for annotation type [org.springframework.test.context.ActiveProfiles] and class [be.jslm.HttpRestTemplateTest]
09:27:16.033 [main] DEBUG org.springframework.core.env.StandardEnvironment - Adding [systemProperties] PropertySource with lowest search precedence
09:27:16.033 [main] DEBUG org.springframework.core.env.StandardEnvironment - Adding [systemEnvironment] PropertySource with lowest search precedence
09:27:16.033 [main] DEBUG org.springframework.core.env.StandardEnvironment - Initialized StandardEnvironment with PropertySources [systemProperties,systemEnvironment]
09:27:16.033 [main] INFO org.springframework.boot.test.context.SpringBootTestContextBootstrapper - Found @SpringBootConfiguration be.jslm.HelloApplication for test class be.jslm.HttpRestTemplateTest
09:27:16.049 [main] DEBUG org.springframework.boot.test.context.SpringBootTestContextBootstrapper - @TestExecutionListeners is not present for class [be.jslm.HttpRestTemplateTest]: using defaults.
09:27:16.049 [main] INFO org.springframework.boot.test.context.SpringBootTestContextBootstrapper - Loaded default TestExecutionListener class names from location [META-INF/spring.factories]: [org.springframework.boot.test.mock.mockito.MockitoTestExecutionListener, org.springframework.boot.test.mock.mockito.ResetMocksTestExecutionListener, org.springframework.boot.test.autoconfigure.restdocs.RestDocsTestExecutionListener, org.springframework.boot.test.autoconfigure.web.client.MockRestServiceServerResetTestExecutionListener, org.springframework.boot.test.autoconfigure.web.servlet.MockMvcPrintOnlyOnFailureTestExecutionListener, org.springframework.boot.test.autoconfigure.web.servlet.WebDriverTestExecutionListener, org.springframework.test.context.web.ServletTestExecutionListener, org.springframework.test.context.support.DirtiesContextBeforeModesTestExecutionListener, org.springframework.test.context.support.DependencyInjectionTestExecutionListener, org.springframework.test.context.support.DirtiesContextTestExecutionListener, org.springframework.test.context.transaction.TransactionalTestExecutionListener, org.springframework.test.context.jdbc.SqlScriptsTestExecutionListener]
09:27:16.049 [main] INFO org.springframework.boot.test.context.SpringBootTestContextBootstrapper - Could not instantiate TestExecutionListener [org.springframework.test.context.jdbc.SqlScriptsTestExecutionListener]. Specify custom listener classes or make the default listener classes (and their required dependencies) available. Offending class: [org/springframework/transaction/interceptor/TransactionAttribute]
09:27:16.049 [main] INFO org.springframework.boot.test.context.SpringBootTestContextBootstrapper - Could not instantiate TestExecutionListener [org.springframework.test.context.transaction.TransactionalTestExecutionListener]. Specify custom listener classes or make the default listener classes (and their required dependencies) available. Offending class: [org/springframework/transaction/interceptor/TransactionAttributeSource]
09:27:16.049 [main] INFO org.springframework.boot.test.context.SpringBootTestContextBootstrapper - Using TestExecutionListeners: [org.springframework.test.context.web.ServletTestExecutionListener@1ffe63b9, org.springframework.test.context.support.DirtiesContextBeforeModesTestExecutionListener@51e5fc98, org.springframework.boot.test.autoconfigure.SpringBootDependencyInjectionTestExecutionListener@7c469c48, org.springframework.test.context.support.DirtiesContextTestExecutionListener@12e61fe6, org.springframework.boot.test.autoconfigure.web.servlet.WebDriverTestExecutionListener@7ee955a8, org.springframework.boot.test.mock.mockito.ResetMocksTestExecutionListener@1677d1, org.springframework.boot.test.autoconfigure.restdocs.RestDocsTestExecutionListener@48fa0f47, org.springframework.boot.test.mock.mockito.MockitoTestExecutionListener@6ac13091, org.springframework.boot.test.autoconfigure.web.servlet.MockMvcPrintOnlyOnFailureTestExecutionListener@5e316c74, org.springframework.boot.test.autoconfigure.web.client.MockRestServiceServerResetTestExecutionListener@6d2a209c]
09:27:16.049 [main] DEBUG org.springframework.test.annotation.ProfileValueUtils - Retrieved @ProfileValueSourceConfiguration [null] for test class [be.jslm.HttpRestTemplateTest]
09:27:16.049 [main] DEBUG org.springframework.test.annotation.ProfileValueUtils - Retrieved ProfileValueSource type [class org.springframework.test.annotation.SystemProfileValueSource] for class [be.jslm.HttpRestTemplateTest]
09:27:16.065 [main] DEBUG org.springframework.test.annotation.ProfileValueUtils - Retrieved @ProfileValueSourceConfiguration [null] for test class [be.jslm.HttpRestTemplateTest]
09:27:16.065 [main] DEBUG org.springframework.test.annotation.ProfileValueUtils - Retrieved ProfileValueSource type [class org.springframework.test.annotation.SystemProfileValueSource] for class [be.jslm.HttpRestTemplateTest]
09:27:16.065 [main] DEBUG org.springframework.test.context.support.AbstractDirtiesContextTestExecutionListener - Before test class: context [DefaultTestContext@1f0f1111 testClass = HttpRestTemplateTest, testInstance = [null], testMethod = [null], testException = [null], mergedContextConfiguration = [WebMergedContextConfiguration@49c386c8 testClass = HttpRestTemplateTest, locations = '{}', classes = '{class be.jslm.HelloApplication}', contextInitializerClasses = '[]', activeProfiles = '{}', propertySourceLocations = '{classpath:/test.properties}', propertySourceProperties = '{org.springframework.boot.test.context.SpringBootTestContextBootstrapper=true, server.port=0}', contextCustomizers = set[org.springframework.boot.test.context.SpringBootTestContextCustomizer@2286778, org.springframework.boot.test.context.filter.ExcludeFilterContextCustomizer@527740a2, org.springframework.boot.test.mock.mockito.MockitoContextCustomizer@0, org.springframework.boot.test.autoconfigure.properties.PropertyMappingContextCustomizer@0, org.springframework.boot.test.autoconfigure.web.servlet.WebDriverContextCustomizerFactory$Customizer@5ae63ade], resourceBasePath = 'src/main/webapp', contextLoader = 'org.springframework.boot.test.context.SpringBootContextLoader', parent = [null]]], class annotated with @DirtiesContext [false] with mode [null].
09:27:16.065 [main] DEBUG org.springframework.test.annotation.ProfileValueUtils - Retrieved @ProfileValueSourceConfiguration [null] for test class [be.jslm.HttpRestTemplateTest]
09:27:16.065 [main] DEBUG org.springframework.test.annotation.ProfileValueUtils - Retrieved ProfileValueSource type [class org.springframework.test.annotation.SystemProfileValueSource] for class [be.jslm.HttpRestTemplateTest]
09:27:16.065 [main] DEBUG org.springframework.test.context.support.DependencyInjectionTestExecutionListener - Performing dependency injection for test context [[DefaultTestContext@1f0f1111 testClass = HttpRestTemplateTest, testInstance = be.jslm.HttpRestTemplateTest@59d016c9, testMethod = [null], testException = [null], mergedContextConfiguration = [WebMergedContextConfiguration@49c386c8 testClass = HttpRestTemplateTest, locations = '{}', classes = '{class be.jslm.HelloApplication}', contextInitializerClasses = '[]', activeProfiles = '{}', propertySourceLocations = '{classpath:/test.properties}', propertySourceProperties = '{org.springframework.boot.test.context.SpringBootTestContextBootstrapper=true, server.port=0}', contextCustomizers = set[org.springframework.boot.test.context.SpringBootTestContextCustomizer@2286778, org.springframework.boot.test.context.filter.ExcludeFilterContextCustomizer@527740a2, org.springframework.boot.test.mock.mockito.MockitoContextCustomizer@0, org.springframework.boot.test.autoconfigure.properties.PropertyMappingContextCustomizer@0, org.springframework.boot.test.autoconfigure.web.servlet.WebDriverContextCustomizerFactory$Customizer@5ae63ade], resourceBasePath = 'src/main/webapp', contextLoader = 'org.springframework.boot.test.context.SpringBootContextLoader', parent = [null]]]].
09:27:16.143 [main] DEBUG org.springframework.core.env.StandardEnvironment - Adding [systemProperties] PropertySource with lowest search precedence
09:27:16.143 [main] DEBUG org.springframework.core.env.StandardEnvironment - Adding [systemEnvironment] PropertySource with lowest search precedence
09:27:16.143 [main] DEBUG org.springframework.core.env.StandardEnvironment - Initialized StandardEnvironment with PropertySources [systemProperties,systemEnvironment]
09:27:16.143 [main] DEBUG org.springframework.core.env.StandardEnvironment - Adding [class path resource [test.properties]] PropertySource with highest search precedence
09:27:16.143 [main] DEBUG org.springframework.test.context.support.TestPropertySourceUtils - Adding inlined properties to environment: {spring.jmx.enabled=false, org.springframework.boot.test.context.SpringBootTestContextBootstrapper=true, server.port=0}
09:27:16.143 [main] DEBUG org.springframework.core.env.StandardEnvironment - Adding [Inlined Test Properties] PropertySource with highest search precedence

  .   ____          _            __ _ _
 /\\ / ___'_ __ _ _(_)_ __  __ _ \ \ \ \
( ( )\___ | '_ | '_| | '_ \/ _` | \ \ \ \
 \\/  ___)| |_)| | | | | || (_| |  ) ) ) )
  '  |____| .__|_| |_|_| |_\__, | / / / /
 =========|_|==============|___/=/_/_/_/
 :: Spring Boot ::        (v1.4.3.RELEASE)

2017-01-11 09:27:16.657  INFO 11004 --- [           main] be.jslm.HttpRestTemplateTest             : Starting HttpRestTemplateTest on BGC-BE-24A346CD with PID 11004 (started by id809201 in C:\Users\id809201\dev\hello)
2017-01-11 09:27:16.657  INFO 11004 --- [           main] be.jslm.HttpRestTemplateTest             : No active profile set, falling back to default profiles: default
2017-01-11 09:27:16.704  INFO 11004 --- [           main] ationConfigEmbeddedWebApplicationContext : Refreshing org.springframework.boot.context.embedded.AnnotationConfigEmbeddedWebApplicationContext@45efd90f: startup date [Wed Jan 11 09:27:16 CET 2017]; root of context hierarchy
2017-01-11 09:27:18.982  INFO 11004 --- [           main] s.b.c.e.t.TomcatEmbeddedServletContainer : Tomcat initialized with port(s): 0 (http)
2017-01-11 09:27:18.998  INFO 11004 --- [           main] o.apache.catalina.core.StandardService   : Starting service Tomcat
2017-01-11 09:27:18.998  INFO 11004 --- [           main] org.apache.catalina.core.StandardEngine  : Starting Servlet Engine: Apache Tomcat/8.5.6
2017-01-11 09:27:19.154  INFO 11004 --- [ost-startStop-1] o.a.c.c.C.[Tomcat].[localhost].[/]       : Initializing Spring embedded WebApplicationContext
2017-01-11 09:27:19.154  INFO 11004 --- [ost-startStop-1] o.s.web.context.ContextLoader            : Root WebApplicationContext: initialization completed in 2450 ms
2017-01-11 09:27:19.341  INFO 11004 --- [ost-startStop-1] o.s.b.w.servlet.ServletRegistrationBean  : Mapping servlet: 'dispatcherServlet' to [/]
2017-01-11 09:27:19.341  INFO 11004 --- [ost-startStop-1] o.s.b.w.servlet.FilterRegistrationBean   : Mapping filter: 'characterEncodingFilter' to: [/*]
2017-01-11 09:27:19.341  INFO 11004 --- [ost-startStop-1] o.s.b.w.servlet.FilterRegistrationBean   : Mapping filter: 'hiddenHttpMethodFilter' to: [/*]
2017-01-11 09:27:19.341  INFO 11004 --- [ost-startStop-1] o.s.b.w.servlet.FilterRegistrationBean   : Mapping filter: 'httpPutFormContentFilter' to: [/*]
2017-01-11 09:27:19.341  INFO 11004 --- [ost-startStop-1] o.s.b.w.servlet.FilterRegistrationBean   : Mapping filter: 'requestContextFilter' to: [/*]
*** init Constructor ***
2017-01-11 09:27:19.778  INFO 11004 --- [           main] s.w.s.m.m.a.RequestMappingHandlerAdapter : Looking for @ControllerAdvice: org.springframework.boot.context.embedded.AnnotationConfigEmbeddedWebApplicationContext@45efd90f: startup date [Wed Jan 11 09:27:16 CET 2017]; root of context hierarchy
2017-01-11 09:27:19.871  INFO 11004 --- [           main] s.w.s.m.m.a.RequestMappingHandlerMapping : Mapped "{[/error]}" onto public org.springframework.http.ResponseEntity<java.util.Map<java.lang.String, java.lang.Object>> org.springframework.boot.autoconfigure.web.BasicErrorController.error(javax.servlet.http.HttpServletRequest)
2017-01-11 09:27:19.871  INFO 11004 --- [           main] s.w.s.m.m.a.RequestMappingHandlerMapping : Mapped "{[/error],produces=[text/html]}" onto public org.springframework.web.servlet.ModelAndView org.springframework.boot.autoconfigure.web.BasicErrorController.errorHtml(javax.servlet.http.HttpServletRequest,javax.servlet.http.HttpServletResponse)
2017-01-11 09:27:19.902  INFO 11004 --- [           main] o.s.w.s.handler.SimpleUrlHandlerMapping  : Mapped URL path [/webjars/**] onto handler of type [class org.springframework.web.servlet.resource.ResourceHttpRequestHandler]
2017-01-11 09:27:19.902  INFO 11004 --- [           main] o.s.w.s.handler.SimpleUrlHandlerMapping  : Mapped URL path [/**] onto handler of type [class org.springframework.web.servlet.resource.ResourceHttpRequestHandler]
2017-01-11 09:27:19.949  INFO 11004 --- [           main] o.s.w.s.handler.SimpleUrlHandlerMapping  : Mapped URL path [/**/favicon.ico] onto handler of type [class org.springframework.web.servlet.resource.ResourceHttpRequestHandler]
2017-01-11 09:27:20.152  INFO 11004 --- [           main] s.b.c.e.t.TomcatEmbeddedServletContainer : Tomcat started on port(s): 50568 (http)
2017-01-11 09:27:20.168  INFO 11004 --- [           main] be.jslm.HttpRestTemplateTest             : Started HttpRestTemplateTest in 4.025 seconds (JVM running for 4.968)
2017-01-11 09:27:20.168  INFO 11004 --- [           main] be.jslm.HttpRestTemplateTest             : http://query.yahooapis.com/v1/public/yql?q=select * from yahoo.finance.historicaldata where symbol in ("BVN") and startDate = "2016-04-15" and endDate = "2016-04-18"&format=json&env=store://datatables.org/alltableswithkeys
Tests run: 1, Failures: 0, Errors: 1, Skipped: 0, Time elapsed: 4.212 sec <<< FAILURE! - in be.jslm.HttpRestTemplateTest
testJsonResponse(be.jslm.HttpRestTemplateTest)  Time elapsed: 0.062 sec  <<< ERROR!
org.springframework.web.client.ResourceAccessException: I/O error on GET request for "http://query.yahooapis.com/v1/public/yql": query.yahooapis.com; nested exception is java.net.UnknownHostException: query.yahooapis.com
	at java.net.AbstractPlainSocketImpl.connect(AbstractPlainSocketImpl.java:184)
	at java.net.PlainSocketImpl.connect(PlainSocketImpl.java:172)
	at java.net.SocksSocketImpl.connect(SocksSocketImpl.java:392)
	at java.net.Socket.connect(Socket.java:589)
	at java.net.Socket.connect(Socket.java:538)
	at sun.net.NetworkClient.doConnect(NetworkClient.java:180)
	at sun.net.www.http.HttpClient.openServer(HttpClient.java:432)
	at sun.net.www.http.HttpClient.openServer(HttpClient.java:527)
	at sun.net.www.http.HttpClient.<init>(HttpClient.java:211)
	at sun.net.www.http.HttpClient.New(HttpClient.java:308)
	at sun.net.www.http.HttpClient.New(HttpClient.java:326)
	at sun.net.www.protocol.http.HttpURLConnection.getNewHttpClient(HttpURLConnection.java:1202)
	at sun.net.www.protocol.http.HttpURLConnection.plainConnect0(HttpURLConnection.java:1138)
	at sun.net.www.protocol.http.HttpURLConnection.plainConnect(HttpURLConnection.java:1032)
	at sun.net.www.protocol.http.HttpURLConnection.connect(HttpURLConnection.java:966)
	at org.springframework.http.client.SimpleBufferingClientHttpRequest.executeInternal(SimpleBufferingClientHttpRequest.java:78)
	at org.springframework.http.client.AbstractBufferingClientHttpRequest.executeInternal(AbstractBufferingClientHttpRequest.java:48)
	at org.springframework.http.client.AbstractClientHttpRequest.execute(AbstractClientHttpRequest.java:53)
	at org.springframework.web.client.RestTemplate.doExecute(RestTemplate.java:652)
	at org.springframework.web.client.RestTemplate.execute(RestTemplate.java:613)
	at org.springframework.web.client.RestTemplate.getForObject(RestTemplate.java:287)
	at org.springframework.boot.test.web.client.TestRestTemplate.getForObject(TestRestTemplate.java:181)
	at be.jslm.HttpRestTemplateTest.testJsonResponse(HttpRestTemplateTest.java:51)

Running be.jslm.HttpRestTest
2017-01-11 09:27:20.230  INFO 11004 --- [           main] .b.t.c.SpringBootTestContextBootstrapper : Neither @ContextConfiguration nor @ContextHierarchy found for test class [be.jslm.HttpRestTest], using SpringBootContextLoader
2017-01-11 09:27:20.230  INFO 11004 --- [           main] o.s.t.c.support.AbstractContextLoader    : Could not detect default resource locations for test class [be.jslm.HttpRestTest]: no resource found for suffixes {-context.xml, Context.groovy}.
2017-01-11 09:27:20.230  INFO 11004 --- [           main] t.c.s.AnnotationConfigContextLoaderUtils : Could not detect default configuration classes for test class [be.jslm.HttpRestTest]: HttpRestTest does not declare any static, non-private, non-final, nested classes annotated with @Configuration.
2017-01-11 09:27:20.230  INFO 11004 --- [           main] .b.t.c.SpringBootTestContextBootstrapper : Found @SpringBootConfiguration be.jslm.HelloApplication for test class be.jslm.HttpRestTest
2017-01-11 09:27:20.230  INFO 11004 --- [           main] .b.t.c.SpringBootTestContextBootstrapper : Loaded default TestExecutionListener class names from location [META-INF/spring.factories]: [org.springframework.boot.test.mock.mockito.MockitoTestExecutionListener, org.springframework.boot.test.mock.mockito.ResetMocksTestExecutionListener, org.springframework.boot.test.autoconfigure.restdocs.RestDocsTestExecutionListener, org.springframework.boot.test.autoconfigure.web.client.MockRestServiceServerResetTestExecutionListener, org.springframework.boot.test.autoconfigure.web.servlet.MockMvcPrintOnlyOnFailureTestExecutionListener, org.springframework.boot.test.autoconfigure.web.servlet.WebDriverTestExecutionListener, org.springframework.test.context.web.ServletTestExecutionListener, org.springframework.test.context.support.DirtiesContextBeforeModesTestExecutionListener, org.springframework.test.context.support.DependencyInjectionTestExecutionListener, org.springframework.test.context.support.DirtiesContextTestExecutionListener, org.springframework.test.context.transaction.TransactionalTestExecutionListener, org.springframework.test.context.jdbc.SqlScriptsTestExecutionListener]
2017-01-11 09:27:20.246  INFO 11004 --- [           main] .b.t.c.SpringBootTestContextBootstrapper : Could not instantiate TestExecutionListener [org.springframework.test.context.jdbc.SqlScriptsTestExecutionListener]. Specify custom listener classes or make the default listener classes (and their required dependencies) available. Offending class: [org/springframework/transaction/interceptor/TransactionAttribute]
2017-01-11 09:27:20.246  INFO 11004 --- [           main] .b.t.c.SpringBootTestContextBootstrapper : Could not instantiate TestExecutionListener [org.springframework.test.context.transaction.TransactionalTestExecutionListener]. Specify custom listener classes or make the default listener classes (and their required dependencies) available. Offending class: [org/springframework/transaction/interceptor/TransactionAttributeSource]
2017-01-11 09:27:20.246  INFO 11004 --- [           main] .b.t.c.SpringBootTestContextBootstrapper : Using TestExecutionListeners: [org.springframework.test.context.web.ServletTestExecutionListener@7918c7f8, org.springframework.test.context.support.DirtiesContextBeforeModesTestExecutionListener@17740dae, org.springframework.boot.test.autoconfigure.SpringBootDependencyInjectionTestExecutionListener@1c504e66, org.springframework.test.context.support.DirtiesContextTestExecutionListener@345cf395, org.springframework.boot.test.autoconfigure.web.servlet.WebDriverTestExecutionListener@bc4d5e1, org.springframework.boot.test.mock.mockito.ResetMocksTestExecutionListener@3c6aa04a, org.springframework.boot.test.autoconfigure.restdocs.RestDocsTestExecutionListener@2257fadf, org.springframework.boot.test.mock.mockito.MockitoTestExecutionListener@7144655b, org.springframework.boot.test.autoconfigure.web.servlet.MockMvcPrintOnlyOnFailureTestExecutionListener@5c82cd4f, org.springframework.boot.test.autoconfigure.web.client.MockRestServiceServerResetTestExecutionListener@35835e65]

  .   ____          _            __ _ _
 /\\ / ___'_ __ _ _(_)_ __  __ _ \ \ \ \
( ( )\___ | '_ | '_| | '_ \/ _` | \ \ \ \
 \\/  ___)| |_)| | | | | || (_| |  ) ) ) )
  '  |____| .__|_| |_|_| |_\__, | / / / /
 =========|_|==============|___/=/_/_/_/
 :: Spring Boot ::        (v1.4.3.RELEASE)

2017-01-11 09:27:20.339  INFO 11004 --- [           main] be.jslm.HttpRestTest                     : Starting HttpRestTest on BGC-BE-24A346CD with PID 11004 (started by id809201 in C:\Users\id809201\dev\hello)
2017-01-11 09:27:20.339  INFO 11004 --- [           main] be.jslm.HttpRestTest                     : No active profile set, falling back to default profiles: default
2017-01-11 09:27:20.339  INFO 11004 --- [           main] o.s.w.c.s.GenericWebApplicationContext   : Refreshing org.springframework.web.context.support.GenericWebApplicationContext@7186333e: startup date [Wed Jan 11 09:27:20 CET 2017]; root of context hierarchy
*** init Constructor ***
2017-01-11 09:27:21.228  INFO 11004 --- [           main] s.w.s.m.m.a.RequestMappingHandlerAdapter : Looking for @ControllerAdvice: org.springframework.web.context.support.GenericWebApplicationContext@7186333e: startup date [Wed Jan 11 09:27:20 CET 2017]; root of context hierarchy
2017-01-11 09:27:21.275  INFO 11004 --- [           main] s.w.s.m.m.a.RequestMappingHandlerMapping : Mapped "{[/error]}" onto public org.springframework.http.ResponseEntity<java.util.Map<java.lang.String, java.lang.Object>> org.springframework.boot.autoconfigure.web.BasicErrorController.error(javax.servlet.http.HttpServletRequest)
2017-01-11 09:27:21.275  INFO 11004 --- [           main] s.w.s.m.m.a.RequestMappingHandlerMapping : Mapped "{[/error],produces=[text/html]}" onto public org.springframework.web.servlet.ModelAndView org.springframework.boot.autoconfigure.web.BasicErrorController.errorHtml(javax.servlet.http.HttpServletRequest,javax.servlet.http.HttpServletResponse)
2017-01-11 09:27:21.306  INFO 11004 --- [           main] o.s.w.s.handler.SimpleUrlHandlerMapping  : Mapped URL path [/webjars/**] onto handler of type [class org.springframework.web.servlet.resource.ResourceHttpRequestHandler]
2017-01-11 09:27:21.306  INFO 11004 --- [           main] o.s.w.s.handler.SimpleUrlHandlerMapping  : Mapped URL path [/**] onto handler of type [class org.springframework.web.servlet.resource.ResourceHttpRequestHandler]
2017-01-11 09:27:21.353  INFO 11004 --- [           main] o.s.w.s.handler.SimpleUrlHandlerMapping  : Mapped URL path [/**/favicon.ico] onto handler of type [class org.springframework.web.servlet.resource.ResourceHttpRequestHandler]
2017-01-11 09:27:21.494  INFO 11004 --- [           main] be.jslm.HttpRestTest                     : Started HttpRestTest in 1.233 seconds (JVM running for 6.299)
2017-01-11 09:27:21.509  INFO 11004 --- [           main] be.jslm.HttpRestTest                     : test - service.getLastStockQuote
Tests run: 1, Failures: 0, Errors: 1, Skipped: 0, Time elapsed: 0.967 sec <<< FAILURE! - in be.jslm.HttpRestTest
testGetLastStockQuote(be.jslm.HttpRestTest)  Time elapsed: 0.016 sec  <<< ERROR!
org.springframework.web.client.ResourceAccessException: I/O error on GET request for "http://query.yahooapis.com/v1/public/yql": query.yahooapis.com; nested exception is java.net.UnknownHostException: query.yahooapis.com
	at java.net.AbstractPlainSocketImpl.connect(AbstractPlainSocketImpl.java:184)
	at java.net.PlainSocketImpl.connect(PlainSocketImpl.java:172)
	at java.net.SocksSocketImpl.connect(SocksSocketImpl.java:392)
	at java.net.Socket.connect(Socket.java:589)
	at java.net.Socket.connect(Socket.java:538)
	at sun.net.NetworkClient.doConnect(NetworkClient.java:180)
	at sun.net.www.http.HttpClient.openServer(HttpClient.java:432)
	at sun.net.www.http.HttpClient.openServer(HttpClient.java:527)
	at sun.net.www.http.HttpClient.<init>(HttpClient.java:211)
	at sun.net.www.http.HttpClient.New(HttpClient.java:308)
	at sun.net.www.http.HttpClient.New(HttpClient.java:326)
	at sun.net.www.protocol.http.HttpURLConnection.getNewHttpClient(HttpURLConnection.java:1202)
	at sun.net.www.protocol.http.HttpURLConnection.plainConnect0(HttpURLConnection.java:1138)
	at sun.net.www.protocol.http.HttpURLConnection.plainConnect(HttpURLConnection.java:1032)
	at sun.net.www.protocol.http.HttpURLConnection.connect(HttpURLConnection.java:966)
	at org.springframework.http.client.SimpleBufferingClientHttpRequest.executeInternal(SimpleBufferingClientHttpRequest.java:78)
	at org.springframework.http.client.AbstractBufferingClientHttpRequest.executeInternal(AbstractBufferingClientHttpRequest.java:48)
	at org.springframework.http.client.AbstractClientHttpRequest.execute(AbstractClientHttpRequest.java:53)
	at org.springframework.web.client.RestTemplate.doExecute(RestTemplate.java:652)
	at org.springframework.web.client.RestTemplate.execute(RestTemplate.java:613)
	at org.springframework.web.client.RestTemplate.getForObject(RestTemplate.java:287)
	at be.jslm.rest.RestHistoricalStockQuoteService.getLastStockQuote(RestHistoricalStockQuoteService.java:45)
	at be.jslm.HttpRestTest.testGetLastStockQuote(HttpRestTest.java:36)

Running be.jslm.WebMockTest
2017-01-11 09:27:21.509  INFO 11004 --- [           main] .b.t.a.w.s.WebMvcTestContextBootstrapper : Neither @ContextConfiguration nor @ContextHierarchy found for test class [be.jslm.WebMockTest], using SpringBootContextLoader
2017-01-11 09:27:21.525  INFO 11004 --- [           main] o.s.t.c.support.AbstractContextLoader    : Could not detect default resource locations for test class [be.jslm.WebMockTest]: no resource found for suffixes {-context.xml, Context.groovy}.
2017-01-11 09:27:21.525  INFO 11004 --- [           main] t.c.s.AnnotationConfigContextLoaderUtils : Could not detect default configuration classes for test class [be.jslm.WebMockTest]: WebMockTest does not declare any static, non-private, non-final, nested classes annotated with @Configuration.
2017-01-11 09:27:21.525  INFO 11004 --- [           main] .b.t.c.SpringBootTestContextBootstrapper : Found @SpringBootConfiguration be.jslm.HelloApplication for test class be.jslm.WebMockTest
2017-01-11 09:27:21.525  INFO 11004 --- [           main] .b.t.a.w.s.WebMvcTestContextBootstrapper : Loaded default TestExecutionListener class names from location [META-INF/spring.factories]: [org.springframework.boot.test.mock.mockito.MockitoTestExecutionListener, org.springframework.boot.test.mock.mockito.ResetMocksTestExecutionListener, org.springframework.boot.test.autoconfigure.restdocs.RestDocsTestExecutionListener, org.springframework.boot.test.autoconfigure.web.client.MockRestServiceServerResetTestExecutionListener, org.springframework.boot.test.autoconfigure.web.servlet.MockMvcPrintOnlyOnFailureTestExecutionListener, org.springframework.boot.test.autoconfigure.web.servlet.WebDriverTestExecutionListener, org.springframework.test.context.web.ServletTestExecutionListener, org.springframework.test.context.support.DirtiesContextBeforeModesTestExecutionListener, org.springframework.test.context.support.DependencyInjectionTestExecutionListener, org.springframework.test.context.support.DirtiesContextTestExecutionListener, org.springframework.test.context.transaction.TransactionalTestExecutionListener, org.springframework.test.context.jdbc.SqlScriptsTestExecutionListener]
2017-01-11 09:27:21.525  INFO 11004 --- [           main] .b.t.a.w.s.WebMvcTestContextBootstrapper : Could not instantiate TestExecutionListener [org.springframework.test.context.jdbc.SqlScriptsTestExecutionListener]. Specify custom listener classes or make the default listener classes (and their required dependencies) available. Offending class: [org/springframework/transaction/interceptor/TransactionAttribute]
2017-01-11 09:27:21.525  INFO 11004 --- [           main] .b.t.a.w.s.WebMvcTestContextBootstrapper : Could not instantiate TestExecutionListener [org.springframework.test.context.transaction.TransactionalTestExecutionListener]. Specify custom listener classes or make the default listener classes (and their required dependencies) available. Offending class: [org/springframework/transaction/interceptor/TransactionAttributeSource]
2017-01-11 09:27:21.525  INFO 11004 --- [           main] .b.t.a.w.s.WebMvcTestContextBootstrapper : Using TestExecutionListeners: [org.springframework.test.context.web.ServletTestExecutionListener@3a08078c, org.springframework.test.context.support.DirtiesContextBeforeModesTestExecutionListener@53830483, org.springframework.boot.test.autoconfigure.SpringBootDependencyInjectionTestExecutionListener@29f85fe1, org.springframework.test.context.support.DirtiesContextTestExecutionListener@43a0a32d, org.springframework.boot.test.autoconfigure.web.servlet.WebDriverTestExecutionListener@396ef8b2, org.springframework.boot.test.mock.mockito.ResetMocksTestExecutionListener@72825400, org.springframework.boot.test.autoconfigure.restdocs.RestDocsTestExecutionListener@19ee1ae6, org.springframework.boot.test.mock.mockito.MockitoTestExecutionListener@5f117b3d, org.springframework.boot.test.autoconfigure.web.servlet.MockMvcPrintOnlyOnFailureTestExecutionListener@1174a305, org.springframework.boot.test.autoconfigure.web.client.MockRestServiceServerResetTestExecutionListener@71b6d77f]

  .   ____          _            __ _ _
 /\\ / ___'_ __ _ _(_)_ __  __ _ \ \ \ \
( ( )\___ | '_ | '_| | '_ \/ _` | \ \ \ \
 \\/  ___)| |_)| | | | | || (_| |  ) ) ) )
  '  |____| .__|_| |_|_| |_\__, | / / / /
 =========|_|==============|___/=/_/_/_/
 :: Spring Boot ::        (v1.4.3.RELEASE)

2017-01-11 09:27:21.603  INFO 11004 --- [           main] be.jslm.WebMockTest                      : Starting WebMockTest on BGC-BE-24A346CD with PID 11004 (started by id809201 in C:\Users\id809201\dev\hello)
2017-01-11 09:27:21.603  INFO 11004 --- [           main] be.jslm.WebMockTest                      : No active profile set, falling back to default profiles: default
2017-01-11 09:27:21.619  INFO 11004 --- [           main] o.s.w.c.s.GenericWebApplicationContext   : Refreshing org.springframework.web.context.support.GenericWebApplicationContext@77ec6a3d: startup date [Wed Jan 11 09:27:21 CET 2017]; root of context hierarchy
2017-01-11 09:27:22.196  INFO 11004 --- [           main] s.w.s.m.m.a.RequestMappingHandlerAdapter : Looking for @ControllerAdvice: org.springframework.web.context.support.GenericWebApplicationContext@77ec6a3d: startup date [Wed Jan 11 09:27:21 CET 2017]; root of context hierarchy
2017-01-11 09:27:22.243  INFO 11004 --- [           main] o.s.w.s.handler.SimpleUrlHandlerMapping  : Mapped URL path [/webjars/**] onto handler of type [class org.springframework.web.servlet.resource.ResourceHttpRequestHandler]
2017-01-11 09:27:22.243  INFO 11004 --- [           main] o.s.w.s.handler.SimpleUrlHandlerMapping  : Mapped URL path [/**] onto handler of type [class org.springframework.web.servlet.resource.ResourceHttpRequestHandler]
2017-01-11 09:27:22.274  INFO 11004 --- [           main] o.s.w.s.handler.SimpleUrlHandlerMapping  : Mapped URL path [/**/favicon.ico] onto handler of type [class org.springframework.web.servlet.resource.ResourceHttpRequestHandler]
2017-01-11 09:27:22.367  INFO 11004 --- [           main] o.s.b.t.m.w.SpringBootMockServletContext : Initializing Spring FrameworkServlet ''
2017-01-11 09:27:22.367  INFO 11004 --- [           main] o.s.t.web.servlet.TestDispatcherServlet  : FrameworkServlet '': initialization started
2017-01-11 09:27:22.383  INFO 11004 --- [           main] o.s.t.web.servlet.TestDispatcherServlet  : FrameworkServlet '': initialization completed in 16 ms
2017-01-11 09:27:22.477  INFO 11004 --- [           main] be.jslm.WebMockTest                      : Started WebMockTest in 0.936 seconds (JVM running for 7.285)
2017-01-11 09:27:22.570  INFO 11004 --- [           main] be.jslm.WebMockTest                      : StockQuote{id=BVN, date='2017-01-09', close='12.79', volume='1005700', high='13.0', low='12.44}
Tests run: 2, Failures: 0, Errors: 0, Skipped: 0, Time elapsed: 0.92 sec - in be.jslm.WebMockTest
2017-01-11 09:27:22.617  INFO 11004 --- [       Thread-2] ationConfigEmbeddedWebApplicationContext : Closing org.springframework.boot.context.embedded.AnnotationConfigEmbeddedWebApplicationContext@45efd90f: startup date [Wed Jan 11 09:27:16 CET 2017]; root of context hierarchy
2017-01-11 09:27:22.617  INFO 11004 --- [       Thread-4] o.s.w.c.s.GenericWebApplicationContext   : Closing org.springframework.web.context.support.GenericWebApplicationContext@77ec6a3d: startup date [Wed Jan 11 09:27:21 CET 2017]; root of context hierarchy
2017-01-11 09:27:22.617  INFO 11004 --- [       Thread-3] o.s.w.c.s.GenericWebApplicationContext   : Closing org.springframework.web.context.support.GenericWebApplicationContext@7186333e: startup date [Wed Jan 11 09:27:20 CET 2017]; root of context hierarchy

Results :

Tests in error: 
  HttpRestTemplateTest.testJsonResponse:51  ResourceAccess I/O error on GET req...
  HttpRestTest.testGetLastStockQuote:36  ResourceAccess I/O error on GET reques...

Tests run: 4, Failures: 0, Errors: 2, Skipped: 0

[INFO] ------------------------------------------------------------------------
[INFO] BUILD FAILURE
[INFO] ------------------------------------------------------------------------
[INFO] Total time: 9.537s
[INFO] Finished at: Wed Jan 11 09:27:22 CET 2017
[INFO] Final Memory: 13M/220M
[INFO] ------------------------------------------------------------------------
[ERROR] Failed to execute goal org.apache.maven.plugins:maven-surefire-plugin:2.18.1:test (default-test) on project hello: There are test failures.
[ERROR] 
[ERROR] Please refer to C:\Users\id809201\dev\hello\target\surefire-reports for the individual test results.
[ERROR] -> [Help 1]
[ERROR] 
[ERROR] To see the full stack trace of the errors, re-run Maven with the -e switch.
[ERROR] Re-run Maven using the -X switch to enable full debug logging.
[ERROR] 
[ERROR] For more information about the errors and possible solutions, please read the following articles:
[ERROR] [Help 1] http://cwiki.apache.org/confluence/display/MAVEN/MojoFailureException
